Conectado a MongoDB en nodepopdb
Conectado a MongoDB en nodepopdb
Conectado a MongoDB en nodepopdb
Conectado a MongoDB en nodepopdb
[0mGET / [36m304 [0m11.161 ms - -[0m
[0mGET /stylesheets/style.css [32m200 [0m3.134 ms - 111[0m
[0mGET /anuncios [31m500 [0m11.738 ms - 559[0m
[0mGET /anuncios?nombre=bicicleta&sort=nombre [31m500 [0m3.159 ms - 647[0m
[0mGET /apiv1/anuncios [31m500 [0m1.835 ms - 125[0m
[0mGET / [36m304 [0m2.354 ms - -[0m
[0mGET /stylesheets/style.css [32m200 [0m0.718 ms - 111[0m
[0mGET /anuncios?nombre=bicicleta&sort=nombre [31m500 [0m1.675 ms - 647[0m
[0mGET / [32m200 [0m0.856 ms - 4746[0m
Conectado a MongoDB en nodepopdb
[0mGET / [32m200 [0m14.000 ms - 4746[0m
[0mGET /stylesheets/style.css [36m304 [0m2.570 ms - -[0m
[0mGET / [36m304 [0m1.534 ms - -[0m
[0mGET /stylesheets/style.css [36m304 [0m0.397 ms - -[0m
[0mGET /anuncios [31m500 [0m30.193 ms - 559[0m
[0mGET / [36m304 [0m0.900 ms - -[0m
[0mGET /stylesheets/style.css [36m304 [0m0.297 ms - -[0m
[0mGET /anuncios [31m500 [0m2.277 ms - 559[0m
[0mGET /anuncios [32m200 [0m4.258 ms - 453[0m
[0mGET /stylesheets/style.css [36m304 [0m0.300 ms - -[0m
[0mGET / [36m304 [0m0.854 ms - -[0m
[0mGET /stylesheets/style.css [36m304 [0m0.297 ms - -[0m
[0mGET /anuncios [36m304 [0m1.736 ms - -[0m
[0mGET /stylesheets/style.css [36m304 [0m0.317 ms - -[0m
[0mGET / [36m304 [0m0.902 ms - -[0m
[0mGET /stylesheets/style.css [36m304 [0m0.269 ms - -[0m
[0mGET /apiv1/anuncios [32m200 [0m1.623 ms - 28[0m
Conectado a MongoDB en nodepopdb
[0mGET / [32m200 [0m28.965 ms - 4746[0m
[0mGET /stylesheets/style.css [36m304 [0m1.649 ms - -[0m
[0mGET /anuncios [36m304 [0m11.319 ms - -[0m
[0mGET /stylesheets/style.css [36m304 [0m0.456 ms - -[0m
[0mGET / [36m304 [0m1.220 ms - -[0m
[0mGET /stylesheets/style.css [36m304 [0m0.379 ms - -[0m
[0mGET /apiv1/anuncios [36m304 [0m2.938 ms - -[0m
[0mGET /apiv1/anuncios [36m304 [0m1.617 ms - -[0m
[0mGET /apiv1/anuncios [32m200 [0m6.652 ms - 168[0m
[0mGET /anuncios [32m200 [0m2.707 ms - 1324[0m
[0mGET /stylesheets/style.css [36m304 [0m0.501 ms - -[0m
[0mGET /images/anuncios/bicicleta3.jpg [32m200 [0m4.390 ms - 67025[0m
[0mGET /anuncios [32m200 [0m2.169 ms - 3066[0m
[0mGET /stylesheets/style.css [36m304 [0m0.332 ms - -[0m
[0mGET /images/anuncios/bicicleta3.jpg [32m200 [0m0.790 ms - 67025[0m
[0mGET /images/anuncios/bicicleta1.jpg [32m200 [0m2.541 ms - 67025[0m
[0mGET /anuncios [32m200 [0m2.391 ms - 6546[0m
[0mGET /stylesheets/style.css [36m304 [0m0.399 ms - -[0m
[0mGET /images/anuncios/bicicleta1.jpg [32m200 [0m0.490 ms - 67025[0m
[0mGET /images/anuncios/bicicleta4.jpg [32m200 [0m6.545 ms - 67025[0m
[0mGET /images/anuncios/bicicleta5.jpg [32m200 [0m5.737 ms - 67025[0m
[0mGET /images/anuncios/bicicleta3.jpg [36m304 [0m0.349 ms - -[0m
[0mGET /images/anuncios/bicicleta6.jpg [32m200 [0m2.482 ms - 67025[0m
[0mGET /images/anuncios/bicicleta7.jpg [32m200 [0m2.569 ms - 67025[0m
[0mGET / [36m304 [0m0.898 ms - -[0m
[0mGET /stylesheets/style.css [36m304 [0m0.313 ms - -[0m
[0mGET /apiv1/anuncios [32m200 [0m2.000 ms - 1010[0m
[0mGET /anuncios [36m304 [0m2.378 ms - -[0m
[0mGET /stylesheets/style.css [36m304 [0m0.296 ms - -[0m
[0mGET /images/anuncios/bicicleta7.jpg [36m304 [0m1.466 ms - -[0m
[0mGET /images/anuncios/bicicleta6.jpg [36m304 [0m2.029 ms - -[0m
[0mGET /images/anuncios/bicicleta1.jpg [36m304 [0m2.453 ms - -[0m
[0mGET /images/anuncios/bicicleta3.jpg [36m304 [0m3.457 ms - -[0m
[0mGET /images/anuncios/bicicleta4.jpg [36m304 [0m3.844 ms - -[0m
[0mGET /images/anuncios/bicicleta5.jpg [36m304 [0m5.217 ms - -[0m
[0mGET / [36m304 [0m0.851 ms - -[0m
[0mGET /stylesheets/style.css [36m304 [0m0.275 ms - -[0m
[0mGET / [32m200 [0m0.807 ms - 4746[0m
[0mGET /stylesheets/style.css [32m200 [0m1.141 ms - 111[0m
[0mGET /anuncios [32m200 [0m2.692 ms - 6546[0m
[0mGET /stylesheets/style.css [36m304 [0m0.285 ms - -[0m
[0mGET /images/anuncios/bicicleta7.jpg [32m200 [0m0.452 ms - 67025[0m
[0mGET /images/anuncios/bicicleta3.jpg [32m200 [0m0.870 ms - 67025[0m
[0mGET /images/anuncios/bicicleta1.jpg [32m200 [0m0.333 ms - 67025[0m
[0mGET /images/anuncios/bicicleta4.jpg [32m200 [0m0.564 ms - 67025[0m
[0mGET /images/anuncios/bicicleta5.jpg [32m200 [0m1.100 ms - 67025[0m
[0mGET /images/anuncios/bicicleta6.jpg [32m200 [0m0.337 ms - 67025[0m
[0mGET / [36m304 [0m0.860 ms - -[0m
[0mGET /stylesheets/style.css [36m304 [0m0.306 ms - -[0m
[0mGET /apiv1/anuncios [32m200 [0m1.760 ms - 1010[0m
[0mGET /anuncios?nombre=bicicleta&sort=nombre [32m200 [0m3.662 ms - 4804[0m
[0mGET /stylesheets/style.css [36m304 [0m0.301 ms - -[0m
[0mGET /images/anuncios/bicicleta1.jpg [36m304 [0m1.175 ms - -[0m
[0mGET /images/anuncios/bicicleta4.jpg [36m304 [0m1.666 ms - -[0m
[0mGET /images/anuncios/bicicleta5.jpg [36m304 [0m2.086 ms - -[0m
[0mGET /images/anuncios/bicicleta6.jpg [36m304 [0m2.465 ms - -[0m
[0mGET /images/anuncios/bicicleta7.jpg [36m304 [0m2.858 ms - -[0m
[0mGET /anuncios?estado=compra&sort=precio [32m200 [0m2.386 ms - 3937[0m
[0mGET /stylesheets/style.css [36m304 [0m0.277 ms - -[0m
[0mGET /images/anuncios/bicicleta3.jpg [36m304 [0m0.435 ms - -[0m
[0mGET /images/anuncios/bicicleta1.jpg [36m304 [0m0.468 ms - -[0m
[0mGET /images/anuncios/bicicleta6.jpg [36m304 [0m0.821 ms - -[0m
[0mGET /anuncios?nombre=bicicle&precio=1000-&sort=-precio&limit=1 [32m200 [0m2.899 ms - 1324[0m
[0mGET /stylesheets/style.css [36m304 [0m0.281 ms - -[0m
[0mGET /images/anuncios/bicicleta5.jpg [36m304 [0m0.271 ms - -[0m
[0mGET /apiv1/anuncios [36m304 [0m1.790 ms - -[0m
[0mGET / [36m304 [0m0.861 ms - -[0m
[0mGET /stylesheets/style.css [36m304 [0m0.262 ms - -[0m
[0mGET / [36m304 [0m0.749 ms - -[0m
[0mGET /stylesheets/style.css [36m304 [0m0.295 ms - -[0m
[0mGET /anuncios [36m304 [0m2.195 ms - -[0m
[0mGET /stylesheets/style.css [36m304 [0m0.289 ms - -[0m
[0mGET /images/anuncios/bicicleta7.jpg [36m304 [0m0.299 ms - -[0m
[0mGET /images/anuncios/bicicleta1.jpg [36m304 [0m0.289 ms - -[0m
[0mGET /images/anuncios/bicicleta5.jpg [36m304 [0m0.232 ms - -[0m
[0mGET /images/anuncios/bicicleta6.jpg [36m304 [0m0.654 ms - -[0m
[0mGET /images/anuncios/bicicleta3.jpg [36m304 [0m1.025 ms - -[0m
[0mGET /images/anuncios/bicicleta4.jpg [36m304 [0m1.420 ms - -[0m
[0mGET / [36m304 [0m0.832 ms - -[0m
[0mGET /stylesheets/style.css [36m304 [0m0.340 ms - -[0m
[0mGET /apiv1/anuncios [36m304 [0m1.782 ms - -[0m
[0mGET / [36m304 [0m1.231 ms - -[0m
[0mGET /stylesheets/style.css [36m304 [0m0.302 ms - -[0m
[0mGET /anuncios [36m304 [0m2.122 ms - -[0m
[0mGET /stylesheets/style.css [36m304 [0m0.287 ms - -[0m
[0mGET /images/anuncios/bicicleta3.jpg [36m304 [0m0.386 ms - -[0m
[0mGET /images/anuncios/bicicleta1.jpg [36m304 [0m0.221 ms - -[0m
[0mGET /images/anuncios/bicicleta4.jpg [36m304 [0m0.287 ms - -[0m
[0mGET /images/anuncios/bicicleta5.jpg [36m304 [0m0.330 ms - -[0m
[0mGET /images/anuncios/bicicleta6.jpg [36m304 [0m0.211 ms - -[0m
[0mGET /images/anuncios/bicicleta7.jpg [36m304 [0m0.214 ms - -[0m
[0mGET /anuncios?precio=-600 [32m200 [0m2.310 ms - 5675[0m
[0mGET /stylesheets/style.css [36m304 [0m0.286 ms - -[0m
[0mGET /images/anuncios/bicicleta3.jpg [36m304 [0m1.006 ms - -[0m
[0mGET /images/anuncios/bicicleta1.jpg [36m304 [0m1.123 ms - -[0m
[0mGET /images/anuncios/bicicleta7.jpg [36m304 [0m0.271 ms - -[0m
[0mGET /images/anuncios/bicicleta6.jpg [36m304 [0m0.363 ms - -[0m
[0mGET /images/anuncios/bicicleta4.jpg [36m304 [0m0.284 ms - -[0m
[0mGET / [36m304 [0m0.805 ms - -[0m
[0mGET /stylesheets/style.css [36m304 [0m0.295 ms - -[0m
[0mGET /apiv1/anuncios?precio=100-800&sort=-precio [32m200 [0m1.689 ms - 309[0m
[0mGET /anuncios?nombre=bicicleta [32m200 [0m2.121 ms - 4804[0m
[0mGET /stylesheets/style.css [36m304 [0m0.307 ms - -[0m
[0mGET /images/anuncios/bicicleta1.jpg [36m304 [0m0.290 ms - -[0m
[0mGET /images/anuncios/bicicleta4.jpg [36m304 [0m0.319 ms - -[0m
[0mGET /images/anuncios/bicicleta7.jpg [36m304 [0m0.440 ms - -[0m
[0mGET /images/anuncios/bicicleta5.jpg [36m304 [0m1.008 ms - -[0m
[0mGET /images/anuncios/bicicleta6.jpg [36m304 [0m1.920 ms - -[0m
[0mGET / [36m304 [0m0.822 ms - -[0m
[0mGET /stylesheets/style.css [36m304 [0m0.263 ms - -[0m
[0mGET /anuncios [36m304 [0m2.152 ms - -[0m
[0mGET /stylesheets/style.css [36m304 [0m0.265 ms - -[0m
[0mGET /images/anuncios/bicicleta7.jpg [36m304 [0m0.322 ms - -[0m
[0mGET /images/anuncios/bicicleta3.jpg [36m304 [0m0.296 ms - -[0m
[0mGET /images/anuncios/bicicleta1.jpg [36m304 [0m1.006 ms - -[0m
[0mGET /images/anuncios/bicicleta4.jpg [36m304 [0m0.331 ms - -[0m
[0mGET /images/anuncios/bicicleta5.jpg [36m304 [0m0.203 ms - -[0m
[0mGET /images/anuncios/bicicleta6.jpg [36m304 [0m0.253 ms - -[0m
Conectado a MongoDB en nodepopdb
[0mGET / [32m200 [0m19.792 ms - 4746[0m
[0mGET /stylesheets/style.css [32m200 [0m4.335 ms - 111[0m
[0mGET /favicon.ico [33m404 [0m2.716 ms - 1395[0m
[0mGET /favicon.ico [33m404 [0m0.792 ms - 1395[0m
[0mGET /anuncios [32m200 [0m19.919 ms - 6546[0m
[0mGET /stylesheets/style.css [36m304 [0m1.026 ms - -[0m
[0mGET /images/anuncios/bicicleta1.jpg [32m200 [0m9.103 ms - 67025[0m
[0mGET /images/anuncios/bicicleta3.jpg [32m200 [0m10.380 ms - 67025[0m
[0mGET /images/anuncios/bicicleta4.jpg [32m200 [0m1.687 ms - 67025[0m
[0mGET /images/anuncios/bicicleta7.jpg [32m200 [0m3.681 ms - 67025[0m
[0mGET /images/anuncios/bicicleta5.jpg [32m200 [0m5.290 ms - 67025[0m
[0mGET /images/anuncios/bicicleta6.jpg [32m200 [0m7.450 ms - 67025[0m
[0mGET /anuncios?nombre=bicicleta&sort=nombre [32m200 [0m4.144 ms - 4804[0m
[0mGET /stylesheets/style.css [36m304 [0m0.353 ms - -[0m
[0mGET /images/anuncios/bicicleta1.jpg [36m304 [0m0.780 ms - -[0m
[0mGET /images/anuncios/bicicleta5.jpg [36m304 [0m0.904 ms - -[0m
[0mGET /images/anuncios/bicicleta4.jpg [36m304 [0m1.323 ms - -[0m
[0mGET /images/anuncios/bicicleta6.jpg [36m304 [0m1.766 ms - -[0m
[0mGET /images/anuncios/bicicleta7.jpg [36m304 [0m2.211 ms - -[0m
[0mGET /apiv1/anuncios?precio=100-800&sort=-precio [32m200 [0m3.025 ms - 309[0m
[0mGET /favicon.ico [33m404 [0m1.224 ms - 1395[0m
[0mGET /anuncios?nombre=bicicleta&sort=-nombre [32m200 [0m2.485 ms - 4804[0m
[0mGET /stylesheets/style.css [32m200 [0m0.476 ms - 111[0m
[0mGET /images/anuncios/bicicleta7.jpg [32m200 [0m0.470 ms - 67025[0m
[0mGET /images/anuncios/bicicleta4.jpg [32m200 [0m1.277 ms - 67025[0m
[0mGET /images/anuncios/bicicleta6.jpg [32m200 [0m1.394 ms - 67025[0m
[0mGET /images/anuncios/bicicleta5.jpg [32m200 [0m1.551 ms - 67025[0m
[0mGET /images/anuncios/bicicleta1.jpg [32m200 [0m0.467 ms - 67025[0m
